<<<<<<< HEAD
Analysis & Elaboration report for Laboratorio5
Sat May 21 21:34:33 2016
=======
Analysis & Synthesis report for Laboratorio5
Sun May 22 15:50:54 2016
>>>>>>> Mochi
Quartus Prime Version 15.1.0 Build 185 10/21/2015 SJ Lite Edition


---------------------
; Table of Contents ;
---------------------
  1. Legal Notice
  2. Analysis & Synthesis Summary
  3. Analysis & Synthesis Settings
  4. Parallel Compilation
  5. Analysis & Synthesis Source Files Read
  6. Analysis & Synthesis Resource Usage Summary
  7. Analysis & Synthesis Resource Utilization by Entity
  8. State Machine - |RS232_FSM|CS
  9. Registers Removed During Synthesis
 10. General Register Statistics
 11. Inverted Register Statistics
 12. Post-Synthesis Netlist Statistics for Top Partition
 13. Elapsed Time Per Partition
 14. Analysis & Synthesis Messages



----------------
; Legal Notice ;
----------------
Copyright (C) 1991-2015 Altera Corporation. All rights reserved.
Your use of Altera Corporation's design tools, logic functions 
and other software and tools, and its AMPP partner logic 
functions, and any output files from any of the foregoing 
(including device programming or simulation files), and any 
associated documentation or information are expressly subject 
to the terms and conditions of the Altera Program License 
Subscription Agreement, the Altera Quartus Prime License Agreement,
the Altera MegaCore Function License Agreement, or other 
applicable license agreement, including, without limitation, 
that your use is for the sole purpose of programming logic 
devices manufactured by Altera and sold by Altera or its 
authorized distributors.  Please refer to the applicable 
agreement for further details.



+----------------------------------------------------------------------------------+
; Analysis & Synthesis Summary                                                     ;
+------------------------------------+---------------------------------------------+
<<<<<<< HEAD
; Analysis & Elaboration Status      ; Successful - Sat May 21 21:34:33 2016       ;
; Quartus Prime Version              ; 15.1.0 Build 185 10/21/2015 SJ Lite Edition ;
; Revision Name                      ; Laboratorio5                                ;
; Top-level Entity Name              ; Parity                                      ;
=======
; Analysis & Synthesis Status        ; Successful - Sun May 22 15:50:54 2016       ;
; Quartus Prime Version              ; 15.1.0 Build 185 10/21/2015 SJ Lite Edition ;
; Revision Name                      ; Laboratorio5                                ;
; Top-level Entity Name              ; RS232_FSM                                   ;
>>>>>>> Mochi
; Family                             ; Cyclone IV E                                ;
; Total logic elements               ; 9                                           ;
;     Total combinational functions  ; 5                                           ;
;     Dedicated logic registers      ; 9                                           ;
; Total registers                    ; 9                                           ;
; Total pins                         ; 9                                           ;
; Total virtual pins                 ; 0                                           ;
; Total memory bits                  ; 0                                           ;
; Embedded Multiplier 9-bit elements ; 0                                           ;
; Total PLLs                         ; 0                                           ;
+------------------------------------+---------------------------------------------+


<<<<<<< HEAD
Parallel compilation was disabled, but you have multiple processors available. Enable parallel compilation to reduce compilation time.
+-------------------------------------+
; Parallel Compilation                ;
+----------------------------+--------+
; Processors                 ; Number ;
+----------------------------+--------+
; Number detected on machine ; 4      ;
; Maximum allowed            ; 1      ;
+----------------------------+--------+


=======
>>>>>>> Mochi
+----------------------------------------------------------------------------------------------------------------------+
; Analysis & Synthesis Settings                                                                                        ;
+----------------------------------------------------------------------------+--------------------+--------------------+
; Option                                                                     ; Setting            ; Default Value      ;
+----------------------------------------------------------------------------+--------------------+--------------------+
; Device                                                                     ; EP4CE115F29C7      ;                    ;
<<<<<<< HEAD
; Top-level entity name                                                      ; Parity             ; Laboratorio5       ;
=======
; Top-level entity name                                                      ; RS232_FSM          ; Laboratorio5       ;
>>>>>>> Mochi
; Family name                                                                ; Cyclone IV E       ; Cyclone V          ;
; Use smart compilation                                                      ; Off                ; Off                ;
; Enable parallel Assembler and TimeQuest Timing Analyzer during compilation ; On                 ; On                 ;
; Enable compact report table                                                ; Off                ; Off                ;
; Restructure Multiplexers                                                   ; Auto               ; Auto               ;
; Create Debugging Nodes for IP Cores                                        ; Off                ; Off                ;
; Preserve fewer node names                                                  ; On                 ; On                 ;
; Disable OpenCore Plus hardware evaluation                                  ; Off                ; Off                ;
; Verilog Version                                                            ; Verilog_2001       ; Verilog_2001       ;
; VHDL Version                                                               ; VHDL_1993          ; VHDL_1993          ;
; State Machine Processing                                                   ; Auto               ; Auto               ;
; Safe State Machine                                                         ; Off                ; Off                ;
; Extract Verilog State Machines                                             ; On                 ; On                 ;
; Extract VHDL State Machines                                                ; On                 ; On                 ;
; Ignore Verilog initial constructs                                          ; Off                ; Off                ;
; Iteration limit for constant Verilog loops                                 ; 5000               ; 5000               ;
; Iteration limit for non-constant Verilog loops                             ; 250                ; 250                ;
; Add Pass-Through Logic to Inferred RAMs                                    ; On                 ; On                 ;
; Infer RAMs from Raw Logic                                                  ; On                 ; On                 ;
; Parallel Synthesis                                                         ; On                 ; On                 ;
; DSP Block Balancing                                                        ; Auto               ; Auto               ;
; NOT Gate Push-Back                                                         ; On                 ; On                 ;
; Power-Up Don't Care                                                        ; On                 ; On                 ;
; Remove Redundant Logic Cells                                               ; Off                ; Off                ;
; Remove Duplicate Registers                                                 ; On                 ; On                 ;
; Ignore CARRY Buffers                                                       ; Off                ; Off                ;
; Ignore CASCADE Buffers                                                     ; Off                ; Off                ;
; Ignore GLOBAL Buffers                                                      ; Off                ; Off                ;
; Ignore ROW GLOBAL Buffers                                                  ; Off                ; Off                ;
; Ignore LCELL Buffers                                                       ; Off                ; Off                ;
; Ignore SOFT Buffers                                                        ; On                 ; On                 ;
; Limit AHDL Integers to 32 Bits                                             ; Off                ; Off                ;
; Optimization Technique                                                     ; Balanced           ; Balanced           ;
; Carry Chain Length                                                         ; 70                 ; 70                 ;
; Auto Carry Chains                                                          ; On                 ; On                 ;
; Auto Open-Drain Pins                                                       ; On                 ; On                 ;
; Perform WYSIWYG Primitive Resynthesis                                      ; Off                ; Off                ;
; Auto ROM Replacement                                                       ; On                 ; On                 ;
; Auto RAM Replacement                                                       ; On                 ; On                 ;
; Auto DSP Block Replacement                                                 ; On                 ; On                 ;
; Auto Shift Register Replacement                                            ; Auto               ; Auto               ;
; Allow Shift Register Merging across Hierarchies                            ; Auto               ; Auto               ;
; Auto Clock Enable Replacement                                              ; On                 ; On                 ;
; Strict RAM Replacement                                                     ; Off                ; Off                ;
; Allow Synchronous Control Signals                                          ; On                 ; On                 ;
; Force Use of Synchronous Clear Signals                                     ; Off                ; Off                ;
; Auto RAM Block Balancing                                                   ; On                 ; On                 ;
; Auto RAM to Logic Cell Conversion                                          ; Off                ; Off                ;
; Auto Resource Sharing                                                      ; Off                ; Off                ;
; Allow Any RAM Size For Recognition                                         ; Off                ; Off                ;
; Allow Any ROM Size For Recognition                                         ; Off                ; Off                ;
; Allow Any Shift Register Size For Recognition                              ; Off                ; Off                ;
; Use LogicLock Constraints during Resource Balancing                        ; On                 ; On                 ;
; Ignore translate_off and synthesis_off directives                          ; Off                ; Off                ;
; Timing-Driven Synthesis                                                    ; On                 ; On                 ;
; Report Parameter Settings                                                  ; On                 ; On                 ;
; Report Source Assignments                                                  ; On                 ; On                 ;
; Report Connectivity Checks                                                 ; On                 ; On                 ;
; Ignore Maximum Fan-Out Assignments                                         ; Off                ; Off                ;
; Synchronization Register Chain Length                                      ; 2                  ; 2                  ;
; PowerPlay Power Optimization During Synthesis                              ; Normal compilation ; Normal compilation ;
; HDL message level                                                          ; Level2             ; Level2             ;
; Suppress Register Optimization Related Messages                            ; Off                ; Off                ;
; Number of Removed Registers Reported in Synthesis Report                   ; 5000               ; 5000               ;
; Number of Swept Nodes Reported in Synthesis Report                         ; 5000               ; 5000               ;
; Number of Inverted Registers Reported in Synthesis Report                  ; 100                ; 100                ;
; Clock MUX Protection                                                       ; On                 ; On                 ;
; Auto Gated Clock Conversion                                                ; Off                ; Off                ;
; Block Design Naming                                                        ; Auto               ; Auto               ;
; SDC constraint protection                                                  ; Off                ; Off                ;
; Synthesis Effort                                                           ; Auto               ; Auto               ;
; Shift Register Replacement - Allow Asynchronous Clear Signal               ; On                 ; On                 ;
; Pre-Mapping Resynthesis Optimization                                       ; Off                ; Off                ;
; Analysis & Synthesis Message Level                                         ; Medium             ; Medium             ;
; Disable Register Merging Across Hierarchies                                ; Auto               ; Auto               ;
; Resource Aware Inference For Block RAM                                     ; On                 ; On                 ;
; Synthesis Seed                                                             ; 1                  ; 1                  ;
+----------------------------------------------------------------------------+--------------------+--------------------+


Parallel compilation was disabled, but you have multiple processors available. Enable parallel compilation to reduce compilation time.
+-------------------------------------+
; Parallel Compilation                ;
+----------------------------+--------+
; Processors                 ; Number ;
+----------------------------+--------+
; Number detected on machine ; 8      ;
; Maximum allowed            ; 1      ;
+----------------------------+--------+


+-----------------------------------------------------------------------------------------------------------------------------------+
; Analysis & Synthesis Source Files Read                                                                                            ;
+----------------------------------+-----------------+-----------------+--------------------------------------------------+---------+
; File Name with User-Entered Path ; Used in Netlist ; File Type       ; File Name with Absolute Path                     ; Library ;
+----------------------------------+-----------------+-----------------+--------------------------------------------------+---------+
; RS232_FSM.vhd                    ; yes             ; User VHDL File  ; E:/Mega/Facultad/FPGA/Laboratorio5/RS232_FSM.vhd ;         ;
+----------------------------------+-----------------+-----------------+--------------------------------------------------+---------+


+---------------------------------------------------------+
; Analysis & Synthesis Resource Usage Summary             ;
+---------------------------------------------+-----------+
; Resource                                    ; Usage     ;
+---------------------------------------------+-----------+
; Estimated Total logic elements              ; 9         ;
;                                             ;           ;
; Total combinational functions               ; 5         ;
; Logic element usage by number of LUT inputs ;           ;
;     -- 4 input functions                    ; 0         ;
;     -- 3 input functions                    ; 2         ;
;     -- <=2 input functions                  ; 3         ;
;                                             ;           ;
; Logic elements by mode                      ;           ;
;     -- normal mode                          ; 5         ;
;     -- arithmetic mode                      ; 0         ;
;                                             ;           ;
; Total registers                             ; 9         ;
;     -- Dedicated logic registers            ; 9         ;
;     -- I/O registers                        ; 0         ;
;                                             ;           ;
; I/O pins                                    ; 9         ;
;                                             ;           ;
; Embedded Multiplier 9-bit elements          ; 0         ;
;                                             ;           ;
; Maximum fan-out node                        ; CLK~input ;
; Maximum fan-out                             ; 9         ;
; Total fan-out                               ; 53        ;
; Average fan-out                             ; 1.66      ;
+---------------------------------------------+-----------+


+-----------------------------------------------------------------------------------------------------------------------------------------------------------------------------+
; Analysis & Synthesis Resource Utilization by Entity                                                                                                                         ;
+----------------------------+-------------------+--------------+-------------+--------------+---------+-----------+------+--------------+---------------------+--------------+
; Compilation Hierarchy Node ; LC Combinationals ; LC Registers ; Memory Bits ; DSP Elements ; DSP 9x9 ; DSP 18x18 ; Pins ; Virtual Pins ; Full Hierarchy Name ; Library Name ;
+----------------------------+-------------------+--------------+-------------+--------------+---------+-----------+------+--------------+---------------------+--------------+
; |RS232_FSM                 ; 5 (5)             ; 9 (9)        ; 0           ; 0            ; 0       ; 0         ; 9    ; 0            ; |RS232_FSM          ; work         ;
+----------------------------+-------------------+--------------+-------------+--------------+---------+-----------+------+--------------+---------------------+--------------+
Note: For table entries with two numbers listed, the numbers in parentheses indicate the number of resources of the given type used by the specific entity alone. The numbers listed outside of parentheses indicate the total resources of the given type used by the specific entity and all of its sub-entities in the hierarchy.


Encoding Type:  One-Hot
+----------------------------------------------------------------+
; State Machine - |RS232_FSM|CS                                  ;
+-----------+-----------+---------+----------+---------+---------+
; Name      ; CS.PARITY ; CS.DATA ; CS.START ; CS.INIT ; CS.IDLE ;
+-----------+-----------+---------+----------+---------+---------+
; CS.IDLE   ; 0         ; 0       ; 0        ; 0       ; 0       ;
; CS.INIT   ; 0         ; 0       ; 0        ; 1       ; 1       ;
; CS.START  ; 0         ; 0       ; 1        ; 0       ; 1       ;
; CS.DATA   ; 0         ; 1       ; 0        ; 0       ; 1       ;
; CS.PARITY ; 1         ; 0       ; 0        ; 0       ; 1       ;
+-----------+-----------+---------+----------+---------+---------+


+--------------------------------------------------------------------------------+
; Registers Removed During Synthesis                                             ;
+---------------------------------------+----------------------------------------+
; Register name                         ; Reason for Removal                     ;
+---------------------------------------+----------------------------------------+
; CS.INIT                               ; Stuck at GND due to stuck port data_in ;
; Total Number of Removed Registers = 1 ;                                        ;
+---------------------------------------+----------------------------------------+


+------------------------------------------------------+
; General Register Statistics                          ;
+----------------------------------------------+-------+
; Statistic                                    ; Value ;
+----------------------------------------------+-------+
; Total registers                              ; 9     ;
; Number of registers using Synchronous Clear  ; 0     ;
; Number of registers using Synchronous Load   ; 0     ;
; Number of registers using Asynchronous Clear ; 9     ;
; Number of registers using Asynchronous Load  ; 0     ;
; Number of registers using Clock Enable       ; 0     ;
; Number of registers using Preset             ; 0     ;
+----------------------------------------------+-------+


+--------------------------------------------------+
; Inverted Register Statistics                     ;
+----------------------------------------+---------+
; Inverted Register                      ; Fan out ;
+----------------------------------------+---------+
; SS~reg0                                ; 1       ;
; Total number of inverted registers = 1 ;         ;
+----------------------------------------+---------+


+-----------------------------------------------------+
; Post-Synthesis Netlist Statistics for Top Partition ;
+-----------------------+-----------------------------+
; Type                  ; Count                       ;
+-----------------------+-----------------------------+
; boundary_port         ; 9                           ;
; cycloneiii_ff         ; 9                           ;
;     CLR               ; 9                           ;
; cycloneiii_lcell_comb ; 6                           ;
;     normal            ; 6                           ;
;         1 data inputs ; 1                           ;
;         2 data inputs ; 3                           ;
;         3 data inputs ; 2                           ;
;                       ;                             ;
; Max LUT depth         ; 1.00                        ;
; Average LUT depth     ; 0.68                        ;
+-----------------------+-----------------------------+


+-------------------------------+
; Elapsed Time Per Partition    ;
+----------------+--------------+
; Partition Name ; Elapsed Time ;
+----------------+--------------+
; Top            ; 00:00:02     ;
+----------------+--------------+


+-------------------------------+
; Analysis & Synthesis Messages ;
+-------------------------------+
Info: *******************************************************************
Info: Running Quartus Prime Analysis & Synthesis
    Info: Version 15.1.0 Build 185 10/21/2015 SJ Lite Edition
<<<<<<< HEAD
    Info: Processing started: Sat May 21 21:34:15 2016
Info: Command: quartus_map --read_settings_files=on --write_settings_files=off Laboratorio5 -c Laboratorio5 --analysis_and_elaboration
Warning (20028): Parallel compilation is not licensed and has been disabled
Info (12021): Found 2 design units, including 1 entities, in source file pll/pll2.vhd
    Info (12022): Found design unit 1: pll2-SYN File: C:/Users/Daniela/Dropbox/Laura/Gabriel/Semestre 9/FPGA/Laboratorio5/PLL/PLL2.vhd Line: 55
    Info (12023): Found entity 1: PLL2 File: C:/Users/Daniela/Dropbox/Laura/Gabriel/Semestre 9/FPGA/Laboratorio5/PLL/PLL2.vhd Line: 43
Info (12021): Found 2 design units, including 1 entities, in source file pll/pll1.vhd
    Info (12022): Found design unit 1: pll1-SYN File: C:/Users/Daniela/Dropbox/Laura/Gabriel/Semestre 9/FPGA/Laboratorio5/PLL/PLL1.vhd Line: 55
    Info (12023): Found entity 1: PLL1 File: C:/Users/Daniela/Dropbox/Laura/Gabriel/Semestre 9/FPGA/Laboratorio5/PLL/PLL1.vhd Line: 43
Info (12021): Found 2 design units, including 1 entities, in source file rom.vhd
    Info (12022): Found design unit 1: ROM-beh File: C:/Users/Daniela/Dropbox/Laura/Gabriel/Semestre 9/FPGA/Laboratorio5/ROM.vhd Line: 14
    Info (12023): Found entity 1: ROM File: C:/Users/Daniela/Dropbox/Laura/Gabriel/Semestre 9/FPGA/Laboratorio5/ROM.vhd Line: 6
Info (12021): Found 2 design units, including 1 entities, in source file mem_fsm.vhd
    Info (12022): Found design unit 1: Mem_fsm-beh File: C:/Users/Daniela/Dropbox/Laura/Gabriel/Semestre 9/FPGA/Laboratorio5/Mem_FSM.vhd Line: 24
    Info (12023): Found entity 1: Mem_fsm File: C:/Users/Daniela/Dropbox/Laura/Gabriel/Semestre 9/FPGA/Laboratorio5/Mem_FSM.vhd Line: 6
Info (12021): Found 2 design units, including 0 entities, in source file mem.vhd
    Info (12022): Found design unit 1: PAKETE File: C:/Users/Daniela/Dropbox/Laura/Gabriel/Semestre 9/FPGA/Laboratorio5/Mem.vhd Line: 5
    Info (12022): Found design unit 2: PAKETE-body File: C:/Users/Daniela/Dropbox/Laura/Gabriel/Semestre 9/FPGA/Laboratorio5/Mem.vhd Line: 42
=======
    Info: Processing started: Sun May 22 15:50:32 2016
Info: Command: quartus_map --read_settings_files=on --write_settings_files=off Laboratorio5 -c Laboratorio5
Warning (20028): Parallel compilation is not licensed and has been disabled
Info (12021): Found 2 design units, including 1 entities, in source file pll/pll2.vhd
    Info (12022): Found design unit 1: pll2-SYN File: E:/Mega/Facultad/FPGA/Laboratorio5/PLL/PLL2.vhd Line: 55
    Info (12023): Found entity 1: PLL2 File: E:/Mega/Facultad/FPGA/Laboratorio5/PLL/PLL2.vhd Line: 43
Info (12021): Found 2 design units, including 1 entities, in source file pll/pll1.vhd
    Info (12022): Found design unit 1: pll1-SYN File: E:/Mega/Facultad/FPGA/Laboratorio5/PLL/PLL1.vhd Line: 55
    Info (12023): Found entity 1: PLL1 File: E:/Mega/Facultad/FPGA/Laboratorio5/PLL/PLL1.vhd Line: 43
Info (12021): Found 2 design units, including 1 entities, in source file rom.vhd
    Info (12022): Found design unit 1: ROM-beh File: E:/Mega/Facultad/FPGA/Laboratorio5/ROM.vhd Line: 14
    Info (12023): Found entity 1: ROM File: E:/Mega/Facultad/FPGA/Laboratorio5/ROM.vhd Line: 6
Info (12021): Found 1 design units, including 0 entities, in source file mem.vhd
    Info (12022): Found design unit 1: PAKETE File: E:/Mega/Facultad/FPGA/Laboratorio5/Mem.vhd Line: 5
>>>>>>> Mochi
Info (12021): Found 2 design units, including 1 entities, in source file df_hz.vhd
    Info (12022): Found design unit 1: DF_HZ-beh File: C:/Users/Daniela/Dropbox/Laura/Gabriel/Semestre 9/FPGA/Laboratorio5/DF_HZ.vhd Line: 27
    Info (12023): Found entity 1: DF_HZ File: C:/Users/Daniela/Dropbox/Laura/Gabriel/Semestre 9/FPGA/Laboratorio5/DF_HZ.vhd Line: 8
Info (12021): Found 2 design units, including 1 entities, in source file lcd_contr.vhd
    Info (12022): Found design unit 1: LCD_CONTR-BEH File: C:/Users/Daniela/Dropbox/Laura/Gabriel/Semestre 9/FPGA/Laboratorio5/LCD_CONTR.vhd Line: 36
    Info (12023): Found entity 1: LCD_CONTR File: C:/Users/Daniela/Dropbox/Laura/Gabriel/Semestre 9/FPGA/Laboratorio5/LCD_CONTR.vhd Line: 5
Info (12021): Found 2 design units, including 1 entities, in source file lcd_contr_tb.vhd
<<<<<<< HEAD
    Info (12022): Found design unit 1: LCD_CONTR_TB-TB File: C:/Users/Daniela/Dropbox/Laura/Gabriel/Semestre 9/FPGA/Laboratorio5/LCD_CONTR_TB.vhd Line: 7
    Info (12023): Found entity 1: LCD_CONTR_TB File: C:/Users/Daniela/Dropbox/Laura/Gabriel/Semestre 9/FPGA/Laboratorio5/LCD_CONTR_TB.vhd Line: 4
Info (12021): Found 2 design units, including 1 entities, in source file mem_fsm_tb.vhd
    Info (12022): Found design unit 1: Mem_FSM_TB-tb File: C:/Users/Daniela/Dropbox/Laura/Gabriel/Semestre 9/FPGA/Laboratorio5/Mem_FSM_TB.vhd Line: 8
    Info (12023): Found entity 1: Mem_FSM_TB File: C:/Users/Daniela/Dropbox/Laura/Gabriel/Semestre 9/FPGA/Laboratorio5/Mem_FSM_TB.vhd Line: 5
Info (12021): Found 2 design units, including 1 entities, in source file parity.vhd
    Info (12022): Found design unit 1: Parity-beh File: C:/Users/Daniela/Dropbox/Laura/Gabriel/Semestre 9/FPGA/Laboratorio5/Parity.vhd Line: 15
    Info (12023): Found entity 1: Parity File: C:/Users/Daniela/Dropbox/Laura/Gabriel/Semestre 9/FPGA/Laboratorio5/Parity.vhd Line: 6
Info (12021): Found 2 design units, including 1 entities, in source file parity_tb.vhd
    Info (12022): Found design unit 1: Parity_TB-tb File: C:/Users/Daniela/Dropbox/Laura/Gabriel/Semestre 9/FPGA/Laboratorio5/Parity_TB.vhd Line: 8
    Info (12023): Found entity 1: Parity_TB File: C:/Users/Daniela/Dropbox/Laura/Gabriel/Semestre 9/FPGA/Laboratorio5/Parity_TB.vhd Line: 5
Info (12127): Elaborating entity "Parity" for the top level hierarchy
Info: Quartus Prime Analysis & Elaboration was successful. 0 errors, 1 warning
    Info: Peak virtual memory: 803 megabytes
    Info: Processing ended: Sat May 21 21:34:33 2016
    Info: Elapsed time: 00:00:18
    Info: Total CPU time (on all processors): 00:00:42
=======
    Info (12022): Found design unit 1: LCD_CONTR_TB-TB File: E:/Mega/Facultad/FPGA/Laboratorio5/LCD_CONTR_TB.vhd Line: 7
    Info (12023): Found entity 1: LCD_CONTR_TB File: E:/Mega/Facultad/FPGA/Laboratorio5/LCD_CONTR_TB.vhd Line: 4
Info (12021): Found 2 design units, including 1 entities, in source file rs232_fsm.vhd
    Info (12022): Found design unit 1: RS232_FSM-BEH File: E:/Mega/Facultad/FPGA/Laboratorio5/RS232_FSM.vhd Line: 20
    Info (12023): Found entity 1: RS232_FSM File: E:/Mega/Facultad/FPGA/Laboratorio5/RS232_FSM.vhd Line: 5
Info (12021): Found 2 design units, including 1 entities, in source file data_buffer.vhd
    Info (12022): Found design unit 1: DATA_BUFFER-BEH File: E:/Mega/Facultad/FPGA/Laboratorio5/DATA_BUFFER.vhd Line: 14
    Info (12023): Found entity 1: DATA_BUFFER File: E:/Mega/Facultad/FPGA/Laboratorio5/DATA_BUFFER.vhd Line: 4
Info (12021): Found 2 design units, including 1 entities, in source file shift_register.vhd
    Info (12022): Found design unit 1: SHIFT_REGISTER-BEH File: E:/Mega/Facultad/FPGA/Laboratorio5/SHIFT_REGISTER.vhd Line: 15
    Info (12023): Found entity 1: SHIFT_REGISTER File: E:/Mega/Facultad/FPGA/Laboratorio5/SHIFT_REGISTER.vhd Line: 4
Info (12021): Found 2 design units, including 1 entities, in source file rs232_fsm_tb.vhd
    Info (12022): Found design unit 1: RS232_FSM_TB-TB File: E:/Mega/Facultad/FPGA/Laboratorio5/RS232_FSM_TB.vhd Line: 8
    Info (12023): Found entity 1: RS232_FSM_TB File: E:/Mega/Facultad/FPGA/Laboratorio5/RS232_FSM_TB.vhd Line: 5
Info (12127): Elaborating entity "RS232_FSM" for the top level hierarchy
Info (13000): Registers with preset signals will power-up high File: E:/Mega/Facultad/FPGA/Laboratorio5/RS232_FSM.vhd Line: 15
Info (13003): DEV_CLRn pin will set, and not reset, register with preset signal due to NOT Gate Push-Back
Info (286030): Timing-Driven Synthesis is running
Info (16010): Generating hard_block partition "hard_block:auto_generated_inst"
    Info (16011): Adding 0 node(s), including 0 DDIO, 0 PLL, 0 transceiver and 0 LCELL
Info (21057): Implemented 18 device resources after synthesis - the final resource count might be different
    Info (21058): Implemented 4 input pins
    Info (21059): Implemented 5 output pins
    Info (21061): Implemented 9 logic cells
Info: Quartus Prime Analysis & Synthesis was successful. 0 errors, 1 warning
    Info: Peak virtual memory: 853 megabytes
    Info: Processing ended: Sun May 22 15:50:54 2016
    Info: Elapsed time: 00:00:22
    Info: Total CPU time (on all processors): 00:00:39
>>>>>>> Mochi


