Flow report for Laboratorio5
<<<<<<< HEAD
Sat May 21 21:34:33 2016
=======
Sun May 22 15:52:03 2016
>>>>>>> Mochi
Quartus Prime Version 15.1.0 Build 185 10/21/2015 SJ Lite Edition


---------------------
; Table of Contents ;
---------------------
  1. Legal Notice
  2. Flow Summary
  3. Flow Settings
  4. Flow Non-Default Global Settings
  5. Flow Elapsed Time
  6. Flow OS Summary
  7. Flow Log
  8. Flow Messages
  9. Flow Suppressed Messages



----------------
; Legal Notice ;
----------------
Copyright (C) 1991-2015 Altera Corporation. All rights reserved.
Your use of Altera Corporation's design tools, logic functions 
and other software and tools, and its AMPP partner logic 
functions, and any output files from any of the foregoing 
(including device programming or simulation files), and any 
associated documentation or information are expressly subject 
to the terms and conditions of the Altera Program License 
Subscription Agreement, the Altera Quartus Prime License Agreement,
the Altera MegaCore Function License Agreement, or other 
applicable license agreement, including, without limitation, 
that your use is for the sole purpose of programming logic 
devices manufactured by Altera and sold by Altera or its 
authorized distributors.  Please refer to the applicable 
agreement for further details.



+----------------------------------------------------------------------------------+
; Flow Summary                                                                     ;
+------------------------------------+---------------------------------------------+
<<<<<<< HEAD
; Flow Status                        ; Successful - Sat May 21 21:34:33 2016       ;
; Quartus Prime Version              ; 15.1.0 Build 185 10/21/2015 SJ Lite Edition ;
; Revision Name                      ; Laboratorio5                                ;
; Top-level Entity Name              ; Parity                                      ;
=======
; Flow Status                        ; Successful - Sun May 22 15:52:03 2016       ;
; Quartus Prime Version              ; 15.1.0 Build 185 10/21/2015 SJ Lite Edition ;
; Revision Name                      ; Laboratorio5                                ;
; Top-level Entity Name              ; RS232_FSM                                   ;
>>>>>>> Mochi
; Family                             ; Cyclone IV E                                ;
; Device                             ; EP4CE115F29C7                               ;
; Timing Models                      ; Final                                       ;
; Total logic elements               ; 9 / 114,480 ( < 1 % )                       ;
;     Total combinational functions  ; 5 / 114,480 ( < 1 % )                       ;
;     Dedicated logic registers      ; 9 / 114,480 ( < 1 % )                       ;
; Total registers                    ; 9                                           ;
; Total pins                         ; 9 / 529 ( 2 % )                             ;
; Total virtual pins                 ; 0                                           ;
; Total memory bits                  ; 0 / 3,981,312 ( 0 % )                       ;
; Embedded Multiplier 9-bit elements ; 0 / 532 ( 0 % )                             ;
; Total PLLs                         ; 0 / 4 ( 0 % )                               ;
+------------------------------------+---------------------------------------------+


+-----------------------------------------+
; Flow Settings                           ;
+-------------------+---------------------+
; Option            ; Setting             ;
+-------------------+---------------------+
<<<<<<< HEAD
; Start date & time ; 05/21/2016 21:34:16 ;
=======
; Start date & time ; 05/22/2016 15:50:33 ;
>>>>>>> Mochi
; Main task         ; Compilation         ;
; Revision Name     ; Laboratorio5        ;
+-------------------+---------------------+


+-----------------------------------------------------------------------------------------------------------------------------+
; Flow Non-Default Global Settings                                                                                            ;
+--------------------------------------+---------------------------------------+---------------+-------------+----------------+
; Assignment Name                      ; Value                                 ; Default Value ; Entity Name ; Section Id     ;
+--------------------------------------+---------------------------------------+---------------+-------------+----------------+
<<<<<<< HEAD
; COMPILER_SIGNATURE_ID                ; 269322049746858.146387725501544       ; --            ; --          ; --             ;
; EDA_DESIGN_INSTANCE_NAME             ; NA                                    ; --            ; --          ; Mem_FSM_TB     ;
; EDA_DESIGN_INSTANCE_NAME             ; NA                                    ; --            ; --          ; Parity_TB      ;
; EDA_DESIGN_INSTANCE_NAME             ; NA                                    ; --            ; --          ; LCD_CONTR_TB   ;
; EDA_NATIVELINK_SIMULATION_TEST_BENCH ; Parity_TB                             ; --            ; --          ; eda_simulation ;
; EDA_OUTPUT_DATA_FORMAT               ; Vhdl                                  ; --            ; --          ; eda_simulation ;
; EDA_SIMULATION_TOOL                  ; ModelSim-Altera (VHDL)                ; <None>        ; --          ; --             ;
; EDA_TEST_BENCH_ENABLE_STATUS         ; TEST_BENCH_MODE                       ; --            ; --          ; eda_simulation ;
; EDA_TEST_BENCH_FILE                  ; Mem_FSM_TB.vhd                        ; --            ; --          ; Mem_FSM_TB     ;
; EDA_TEST_BENCH_FILE                  ; Parity_TB.vhd                         ; --            ; --          ; Parity_TB      ;
; EDA_TEST_BENCH_FILE                  ; LCD_CONTR_TB.vhd                      ; --            ; --          ; LCD_CONTR_TB   ;
; EDA_TEST_BENCH_MODULE_NAME           ; Mem_FSM_TB                            ; --            ; --          ; Mem_FSM_TB     ;
; EDA_TEST_BENCH_MODULE_NAME           ; Parity_TB                             ; --            ; --          ; Parity_TB      ;
; EDA_TEST_BENCH_MODULE_NAME           ; LCD_CONTR_TB                          ; --            ; --          ; LCD_CONTR_TB   ;
; EDA_TEST_BENCH_NAME                  ; LCD_CONTR_TB                          ; --            ; --          ; eda_simulation ;
; EDA_TEST_BENCH_NAME                  ; Mem_FSM_TB                            ; --            ; --          ; eda_simulation ;
; EDA_TEST_BENCH_NAME                  ; Parity_TB                             ; --            ; --          ; eda_simulation ;
=======
; COMPILER_SIGNATURE_ID                ; 23084203634910.146394303231836        ; --            ; --          ; --             ;
; EDA_DESIGN_INSTANCE_NAME             ; RS1                                   ; --            ; --          ; RS232_FSM_TB   ;
; EDA_DESIGN_INSTANCE_NAME             ; NA                                    ; --            ; --          ; LCD_CONTR_TB   ;
; EDA_NATIVELINK_SIMULATION_TEST_BENCH ; RS232_FSM_TB                          ; --            ; --          ; eda_simulation ;
; EDA_OUTPUT_DATA_FORMAT               ; Vhdl                                  ; --            ; --          ; eda_simulation ;
; EDA_SIMULATION_TOOL                  ; ModelSim-Altera (VHDL)                ; <None>        ; --          ; --             ;
; EDA_TEST_BENCH_ENABLE_STATUS         ; TEST_BENCH_MODE                       ; --            ; --          ; eda_simulation ;
; EDA_TEST_BENCH_FILE                  ; RS232_FSM_TB.vhd                      ; --            ; --          ; RS232_FSM_TB   ;
; EDA_TEST_BENCH_FILE                  ; LCD_CONTR_TB.vhd                      ; --            ; --          ; LCD_CONTR_TB   ;
; EDA_TEST_BENCH_MODULE_NAME           ; RS232_FSM_TB                          ; --            ; --          ; RS232_FSM_TB   ;
; EDA_TEST_BENCH_MODULE_NAME           ; LCD_CONTR_TB                          ; --            ; --          ; LCD_CONTR_TB   ;
; EDA_TEST_BENCH_NAME                  ; LCD_CONTR_TB                          ; --            ; --          ; eda_simulation ;
; EDA_TEST_BENCH_NAME                  ; RS232_FSM_TB                          ; --            ; --          ; eda_simulation ;
>>>>>>> Mochi
; MAX_CORE_JUNCTION_TEMP               ; 85                                    ; --            ; --          ; --             ;
; MIN_CORE_JUNCTION_TEMP               ; 0                                     ; --            ; --          ; --             ;
; MISC_FILE                            ; PLL/PLL2_inst.vhd                     ; --            ; --          ; --             ;
; MISC_FILE                            ; PLL/PLL2.cmp                          ; --            ; --          ; --             ;
; MISC_FILE                            ; PLL/PLL2.ppf                          ; --            ; --          ; --             ;
; MISC_FILE                            ; PLL/PLL1_inst.vhd                     ; --            ; --          ; --             ;
; MISC_FILE                            ; PLL/PLL1.cmp                          ; --            ; --          ; --             ;
; MISC_FILE                            ; PLL/PLL1.ppf                          ; --            ; --          ; --             ;
; NOMINAL_CORE_SUPPLY_VOLTAGE          ; 1.2V                                  ; --            ; --          ; --             ;
<<<<<<< HEAD
; PARTITION_COLOR                      ; 16764057                              ; --            ; Parity      ; Top            ;
; PARTITION_FITTER_PRESERVATION_LEVEL  ; PLACEMENT_AND_ROUTING                 ; --            ; Parity      ; Top            ;
; PARTITION_NETLIST_TYPE               ; SOURCE                                ; --            ; Parity      ; Top            ;
; POWER_BOARD_THERMAL_MODEL            ; None (CONSERVATIVE)                   ; --            ; --          ; --             ;
; POWER_PRESET_COOLING_SOLUTION        ; 23 MM HEAT SINK WITH 200 LFPM AIRFLOW ; --            ; --          ; --             ;
; PROJECT_OUTPUT_DIRECTORY             ; output_files                          ; --            ; --          ; --             ;
; TOP_LEVEL_ENTITY                     ; Parity                                ; Laboratorio5  ; --          ; --             ;
+--------------------------------------+---------------------------------------+---------------+-------------+----------------+


+----------------------------------------------------------------------------------------------------------------------------+
; Flow Elapsed Time                                                                                                          ;
+------------------------+--------------+-------------------------+---------------------+------------------------------------+
; Module Name            ; Elapsed Time ; Average Processors Used ; Peak Virtual Memory ; Total CPU Time (on all processors) ;
+------------------------+--------------+-------------------------+---------------------+------------------------------------+
; Analysis & Elaboration ; 00:00:18     ; 1.0                     ; 803 MB              ; 00:00:42                           ;
; Total                  ; 00:00:18     ; --                      ; --                  ; 00:00:42                           ;
+------------------------+--------------+-------------------------+---------------------+------------------------------------+


+-------------------------------------------------------------------------------------+
; Flow OS Summary                                                                     ;
+------------------------+------------------+-----------+------------+----------------+
; Module Name            ; Machine Hostname ; OS Name   ; OS Version ; Processor type ;
+------------------------+------------------+-----------+------------+----------------+
; Analysis & Elaboration ; Daniela-NB       ; Windows 7 ; 6.1        ; x86_64         ;
+------------------------+------------------+-----------+------------+----------------+
=======
; PARTITION_COLOR                      ; 16764057                              ; --            ; RS232_FSM   ; Top            ;
; PARTITION_FITTER_PRESERVATION_LEVEL  ; PLACEMENT_AND_ROUTING                 ; --            ; RS232_FSM   ; Top            ;
; PARTITION_NETLIST_TYPE               ; SOURCE                                ; --            ; RS232_FSM   ; Top            ;
; POWER_BOARD_THERMAL_MODEL            ; None (CONSERVATIVE)                   ; --            ; --          ; --             ;
; POWER_PRESET_COOLING_SOLUTION        ; 23 MM HEAT SINK WITH 200 LFPM AIRFLOW ; --            ; --          ; --             ;
; PROJECT_OUTPUT_DIRECTORY             ; output_files                          ; --            ; --          ; --             ;
; TOP_LEVEL_ENTITY                     ; RS232_FSM                             ; Laboratorio5  ; --          ; --             ;
+--------------------------------------+---------------------------------------+---------------+-------------+----------------+


+-------------------------------------------------------------------------------------------------------------------------------+
; Flow Elapsed Time                                                                                                             ;
+---------------------------+--------------+-------------------------+---------------------+------------------------------------+
; Module Name               ; Elapsed Time ; Average Processors Used ; Peak Virtual Memory ; Total CPU Time (on all processors) ;
+---------------------------+--------------+-------------------------+---------------------+------------------------------------+
; Analysis & Synthesis      ; 00:00:20     ; 1.0                     ; 853 MB              ; 00:00:39                           ;
; Fitter                    ; 00:00:30     ; 1.0                     ; 1320 MB             ; 00:00:23                           ;
; Assembler                 ; 00:00:07     ; 1.0                     ; 739 MB              ; 00:00:06                           ;
; TimeQuest Timing Analyzer ; 00:00:06     ; 1.0                     ; 872 MB              ; 00:00:03                           ;
; EDA Netlist Writer        ; 00:00:02     ; 1.0                     ; 702 MB              ; 00:00:01                           ;
; Total                     ; 00:01:05     ; --                      ; --                  ; 00:01:12                           ;
+---------------------------+--------------+-------------------------+---------------------+------------------------------------+


+----------------------------------------------------------------------------------------+
; Flow OS Summary                                                                        ;
+---------------------------+------------------+-----------+------------+----------------+
; Module Name               ; Machine Hostname ; OS Name   ; OS Version ; Processor type ;
+---------------------------+------------------+-----------+------------+----------------+
; Analysis & Synthesis      ; Gabriel          ; Windows 8 ; 6.2        ; x86_64         ;
; Fitter                    ; Gabriel          ; Windows 8 ; 6.2        ; x86_64         ;
; Assembler                 ; Gabriel          ; Windows 8 ; 6.2        ; x86_64         ;
; TimeQuest Timing Analyzer ; Gabriel          ; Windows 8 ; 6.2        ; x86_64         ;
; EDA Netlist Writer        ; Gabriel          ; Windows 8 ; 6.2        ; x86_64         ;
+---------------------------+------------------+-----------+------------+----------------+
>>>>>>> Mochi


------------
; Flow Log ;
------------
quartus_map --read_settings_files=on --write_settings_files=off Laboratorio5 -c Laboratorio5
quartus_fit --read_settings_files=off --write_settings_files=off Laboratorio5 -c Laboratorio5
quartus_asm --read_settings_files=off --write_settings_files=off Laboratorio5 -c Laboratorio5
quartus_sta Laboratorio5 -c Laboratorio5
quartus_eda --read_settings_files=off --write_settings_files=off Laboratorio5 -c Laboratorio5



